<?xml version="1.0" encoding="UTF-8"?>
<testsuites>
  <testsuite name="" tests="40" assertions="225" errors="0" warnings="0" failures="0" skipped="0" time="0.261050">
    <testsuite name="Project Test Suite" tests="40" assertions="225" errors="0" warnings="0" failures="0" skipped="0" time="0.261050">
      <testsuite name="App\Card\CardGraphicTest" file="/home/kenny/dbwebb-kurser/mvc/me/report/tests/Card/CardGraphicTest.php" tests="2" assertions="4" errors="0" warnings="0" failures="0" skipped="0" time="0.005544">
        <testcase name="testCreateGraphicCard" class="App\Card\CardGraphicTest" classname="App.Card.CardGraphicTest" file="/home/kenny/dbwebb-kurser/mvc/me/report/tests/Card/CardGraphicTest.php" line="16" assertions="3" time="0.005306"/>
        <testcase name="testGraphicCardAsString" class="App\Card\CardGraphicTest" classname="App.Card.CardGraphicTest" file="/home/kenny/dbwebb-kurser/mvc/me/report/tests/Card/CardGraphicTest.php" line="33" assertions="1" time="0.000238"/>
      </testsuite>
      <testsuite name="App\Card\CardHandTest" file="/home/kenny/dbwebb-kurser/mvc/me/report/tests/Card/CardHandTest.php" tests="6" assertions="14" errors="0" warnings="0" failures="0" skipped="0" time="0.013048">
        <testcase name="testCreateCardHand" class="App\Card\CardHandTest" classname="App.Card.CardHandTest" file="/home/kenny/dbwebb-kurser/mvc/me/report/tests/Card/CardHandTest.php" line="12" assertions="4" time="0.008930"/>
        <testcase name="testAddCardHandThruArray" class="App\Card\CardHandTest" classname="App.Card.CardHandTest" file="/home/kenny/dbwebb-kurser/mvc/me/report/tests/Card/CardHandTest.php" line="39" assertions="3" time="0.002041"/>
        <testcase name="testHandValue" class="App\Card\CardHandTest" classname="App.Card.CardHandTest" file="/home/kenny/dbwebb-kurser/mvc/me/report/tests/Card/CardHandTest.php" line="61" assertions="1" time="0.000354"/>
        <testcase name="testGetNumCards" class="App\Card\CardHandTest" classname="App.Card.CardHandTest" file="/home/kenny/dbwebb-kurser/mvc/me/report/tests/Card/CardHandTest.php" line="72" assertions="2" time="0.001136"/>
        <testcase name="testGetStringHand" class="App\Card\CardHandTest" classname="App.Card.CardHandTest" file="/home/kenny/dbwebb-kurser/mvc/me/report/tests/Card/CardHandTest.php" line="84" assertions="2" time="0.000302"/>
        <testcase name="testAces" class="App\Card\CardHandTest" classname="App.Card.CardHandTest" file="/home/kenny/dbwebb-kurser/mvc/me/report/tests/Card/CardHandTest.php" line="96" assertions="2" time="0.000284"/>
      </testsuite>
      <testsuite name="App\Card\CardTest" file="/home/kenny/dbwebb-kurser/mvc/me/report/tests/Card/CardTest.php" tests="5" assertions="7" errors="0" warnings="0" failures="0" skipped="0" time="0.001487">
        <testcase name="testCreateCard" class="App\Card\CardTest" classname="App.Card.CardTest" file="/home/kenny/dbwebb-kurser/mvc/me/report/tests/Card/CardTest.php" line="16" assertions="3" time="0.000466"/>
        <testcase name="testGetSuit" class="App\Card\CardTest" classname="App.Card.CardTest" file="/home/kenny/dbwebb-kurser/mvc/me/report/tests/Card/CardTest.php" line="33" assertions="1" time="0.000289"/>
        <testcase name="testGetRank" class="App\Card\CardTest" classname="App.Card.CardTest" file="/home/kenny/dbwebb-kurser/mvc/me/report/tests/Card/CardTest.php" line="46" assertions="1" time="0.000276"/>
        <testcase name="testGetValue" class="App\Card\CardTest" classname="App.Card.CardTest" file="/home/kenny/dbwebb-kurser/mvc/me/report/tests/Card/CardTest.php" line="59" assertions="1" time="0.000229"/>
        <testcase name="testGetAsString" class="App\Card\CardTest" classname="App.Card.CardTest" file="/home/kenny/dbwebb-kurser/mvc/me/report/tests/Card/CardTest.php" line="73" assertions="1" time="0.000227"/>
      </testsuite>
      <testsuite name="App\Card\DeckOfCardsTest" file="/home/kenny/dbwebb-kurser/mvc/me/report/tests/Card/DeckOfCardsTest.php" tests="8" assertions="169" errors="0" warnings="0" failures="0" skipped="0" time="0.018078">
        <testcase name="testSetupDeck" class="App\Card\DeckOfCardsTest" classname="App.Card.DeckOfCardsTest" file="/home/kenny/dbwebb-kurser/mvc/me/report/tests/Card/DeckOfCardsTest.php" line="12" assertions="53" time="0.001712"/>
        <testcase name="testSetupDeckText" class="App\Card\DeckOfCardsTest" classname="App.Card.DeckOfCardsTest" file="/home/kenny/dbwebb-kurser/mvc/me/report/tests/Card/DeckOfCardsTest.php" line="30" assertions="53" time="0.000651"/>
        <testcase name="testSetValue" class="App\Card\DeckOfCardsTest" classname="App.Card.DeckOfCardsTest" file="/home/kenny/dbwebb-kurser/mvc/me/report/tests/Card/DeckOfCardsTest.php" line="48" assertions="52" time="0.000985"/>
        <testcase name="testSetValueZeroValidation" class="App\Card\DeckOfCardsTest" classname="App.Card.DeckOfCardsTest" file="/home/kenny/dbwebb-kurser/mvc/me/report/tests/Card/DeckOfCardsTest.php" line="87" assertions="1" time="0.000453"/>
        <testcase name="testDrawCard" class="App\Card\DeckOfCardsTest" classname="App.Card.DeckOfCardsTest" file="/home/kenny/dbwebb-kurser/mvc/me/report/tests/Card/DeckOfCardsTest.php" line="100" assertions="5" time="0.000523"/>
        <testcase name="testShuffleMethod" class="App\Card\DeckOfCardsTest" classname="App.Card.DeckOfCardsTest" file="/home/kenny/dbwebb-kurser/mvc/me/report/tests/Card/DeckOfCardsTest.php" line="118" assertions="1" time="0.012730"/>
        <testcase name="testCountCardsInDeck" class="App\Card\DeckOfCardsTest" classname="App.Card.DeckOfCardsTest" file="/home/kenny/dbwebb-kurser/mvc/me/report/tests/Card/DeckOfCardsTest.php" line="132" assertions="1" time="0.000436"/>
        <testcase name="testGetString" class="App\Card\DeckOfCardsTest" classname="App.Card.DeckOfCardsTest" file="/home/kenny/dbwebb-kurser/mvc/me/report/tests/Card/DeckOfCardsTest.php" line="144" assertions="3" time="0.000587"/>
      </testsuite>
      <testsuite name="App\Card\Game21Test" file="/home/kenny/dbwebb-kurser/mvc/me/report/tests/Card/Game21Test.php" tests="9" assertions="15" errors="0" warnings="0" failures="0" skipped="0" time="0.009013">
        <testcase name="test__constructor" class="App\Card\Game21Test" classname="App.Card.Game21Test" file="/home/kenny/dbwebb-kurser/mvc/me/report/tests/Card/Game21Test.php" line="12" assertions="3" time="0.002397"/>
        <testcase name="testStart21" class="App\Card\Game21Test" classname="App.Card.Game21Test" file="/home/kenny/dbwebb-kurser/mvc/me/report/tests/Card/Game21Test.php" line="28" assertions="2" time="0.000897"/>
        <testcase name="testBankDraw" class="App\Card\Game21Test" classname="App.Card.Game21Test" file="/home/kenny/dbwebb-kurser/mvc/me/report/tests/Card/Game21Test.php" line="46" assertions="3" time="0.001370"/>
        <testcase name="testCheckAceValue" class="App\Card\Game21Test" classname="App.Card.Game21Test" file="/home/kenny/dbwebb-kurser/mvc/me/report/tests/Card/Game21Test.php" line="64" assertions="2" time="0.001281"/>
        <testcase name="testComparePointsPlayerBust" class="App\Card\Game21Test" classname="App.Card.Game21Test" file="/home/kenny/dbwebb-kurser/mvc/me/report/tests/Card/Game21Test.php" line="88" assertions="1" time="0.000729"/>
        <testcase name="testComparePointsBankBust" class="App\Card\Game21Test" classname="App.Card.Game21Test" file="/home/kenny/dbwebb-kurser/mvc/me/report/tests/Card/Game21Test.php" line="106" assertions="1" time="0.000577"/>
        <testcase name="testComparePointsBankWinsByPoints" class="App\Card\Game21Test" classname="App.Card.Game21Test" file="/home/kenny/dbwebb-kurser/mvc/me/report/tests/Card/Game21Test.php" line="124" assertions="1" time="0.000658"/>
        <testcase name="testComparePointsPlayerWinsByPoints" class="App\Card\Game21Test" classname="App.Card.Game21Test" file="/home/kenny/dbwebb-kurser/mvc/me/report/tests/Card/Game21Test.php" line="142" assertions="1" time="0.000554"/>
        <testcase name="testComparePointsTie" class="App\Card\Game21Test" classname="App.Card.Game21Test" file="/home/kenny/dbwebb-kurser/mvc/me/report/tests/Card/Game21Test.php" line="160" assertions="1" time="0.000550"/>
      </testsuite>
      <testsuite name="App\Tests\Controller\TheGame21ControllerTest" file="/home/kenny/dbwebb-kurser/mvc/me/report/tests/Controller/TheGame21ControllerTest.php" tests="7" assertions="12" errors="0" warnings="0" failures="0" skipped="0" time="0.211281">
        <testcase name="testGame21" class="App\Tests\Controller\TheGame21ControllerTest" classname="App.Tests.Controller.TheGame21ControllerTest" file="/home/kenny/dbwebb-kurser/mvc/me/report/tests/Controller/TheGame21ControllerTest.php" line="10" assertions="1" time="0.150410"/>
        <testcase name="testGame21Callback" class="App\Tests\Controller\TheGame21ControllerTest" classname="App.Tests.Controller.TheGame21ControllerTest" file="/home/kenny/dbwebb-kurser/mvc/me/report/tests/Controller/TheGame21ControllerTest.php" line="19" assertions="1" time="0.011732"/>
        <testcase name="testGame21Round" class="App\Tests\Controller\TheGame21ControllerTest" classname="App.Tests.Controller.TheGame21ControllerTest" file="/home/kenny/dbwebb-kurser/mvc/me/report/tests/Controller/TheGame21ControllerTest.php" line="28" assertions="2" time="0.013655"/>
        <testcase name="testGame21RoundPost" class="App\Tests\Controller\TheGame21ControllerTest" classname="App.Tests.Controller.TheGame21ControllerTest" file="/home/kenny/dbwebb-kurser/mvc/me/report/tests/Controller/TheGame21ControllerTest.php" line="38" assertions="2" time="0.008591"/>
        <testcase name="testGame21StopPost" class="App\Tests\Controller\TheGame21ControllerTest" classname="App.Tests.Controller.TheGame21ControllerTest" file="/home/kenny/dbwebb-kurser/mvc/me/report/tests/Controller/TheGame21ControllerTest.php" line="47" assertions="2" time="0.007006"/>
        <testcase name="testGame21Restart" class="App\Tests\Controller\TheGame21ControllerTest" classname="App.Tests.Controller.TheGame21ControllerTest" file="/home/kenny/dbwebb-kurser/mvc/me/report/tests/Controller/TheGame21ControllerTest.php" line="57" assertions="2" time="0.008166"/>
        <testcase name="testGame21Doc" class="App\Tests\Controller\TheGame21ControllerTest" classname="App.Tests.Controller.TheGame21ControllerTest" file="/home/kenny/dbwebb-kurser/mvc/me/report/tests/Controller/TheGame21ControllerTest.php" line="65" assertions="2" time="0.011723"/>
      </testsuite>
      <testsuite name="App\Dice\DiceHandTest" file="/home/kenny/dbwebb-kurser/mvc/me/report/tests/Dice/DiceHandTest.php" tests="1" assertions="1" errors="0" warnings="0" failures="0" skipped="0" time="0.001496">
        <testcase name="testAddStubbedDices" class="App\Dice\DiceHandTest" classname="App.Dice.DiceHandTest" file="/home/kenny/dbwebb-kurser/mvc/me/report/tests/Dice/DiceHandTest.php" line="15" assertions="1" time="0.001496"/>
      </testsuite>
      <testsuite name="App\Dice\DiceTest" file="/home/kenny/dbwebb-kurser/mvc/me/report/tests/Dice/DiceTest.php" tests="2" assertions="3" errors="0" warnings="0" failures="0" skipped="0" time="0.001104">
        <testcase name="testCreateDice" class="App\Dice\DiceTest" classname="App.Dice.DiceTest" file="/home/kenny/dbwebb-kurser/mvc/me/report/tests/Dice/DiceTest.php" line="16" assertions="2" time="0.000681"/>
        <testcase name="testStubRollDiceLastRoll" class="App\Dice\DiceTest" classname="App.Dice.DiceTest" file="/home/kenny/dbwebb-kurser/mvc/me/report/tests/Dice/DiceTest.php" line="28" assertions="1" time="0.000422"/>
      </testsuite>
    </testsuite>
  </testsuite>
</testsuites>
