<?xml version="1.0" encoding="UTF-8"?>
<testsuites>
  <testsuite name="" tests="33" assertions="163" errors="0" warnings="0" failures="0" skipped="0" time="0.208903">
    <testsuite name="Project Test Suite" tests="33" assertions="163" errors="0" warnings="0" failures="0" skipped="0" time="0.208903">
      <testsuite name="App\Card\CardGraphicTest" file="/home/kenny/dbwebb-kurser/mvc/me/report/tests/Card/CardGraphicTest.php" tests="2" assertions="4" errors="0" warnings="0" failures="0" skipped="0" time="0.005481">
        <testcase name="testCreateGraphicCard" class="App\Card\CardGraphicTest" classname="App.Card.CardGraphicTest" file="/home/kenny/dbwebb-kurser/mvc/me/report/tests/Card/CardGraphicTest.php" line="16" assertions="3" time="0.005168"/>
        <testcase name="testGraphicCardAsString" class="App\Card\CardGraphicTest" classname="App.Card.CardGraphicTest" file="/home/kenny/dbwebb-kurser/mvc/me/report/tests/Card/CardGraphicTest.php" line="33" assertions="1" time="0.000313"/>
      </testsuite>
      <testsuite name="App\Card\CardHandTest" file="/home/kenny/dbwebb-kurser/mvc/me/report/tests/Card/CardHandTest.php" tests="6" assertions="14" errors="0" warnings="0" failures="0" skipped="0" time="0.011281">
        <testcase name="testCreateCardHand" class="App\Card\CardHandTest" classname="App.Card.CardHandTest" file="/home/kenny/dbwebb-kurser/mvc/me/report/tests/Card/CardHandTest.php" line="12" assertions="4" time="0.008913"/>
        <testcase name="testAddCardHandThruArray" class="App\Card\CardHandTest" classname="App.Card.CardHandTest" file="/home/kenny/dbwebb-kurser/mvc/me/report/tests/Card/CardHandTest.php" line="39" assertions="3" time="0.000276"/>
        <testcase name="testHandValue" class="App\Card\CardHandTest" classname="App.Card.CardHandTest" file="/home/kenny/dbwebb-kurser/mvc/me/report/tests/Card/CardHandTest.php" line="61" assertions="1" time="0.000270"/>
        <testcase name="testGetNumCards" class="App\Card\CardHandTest" classname="App.Card.CardHandTest" file="/home/kenny/dbwebb-kurser/mvc/me/report/tests/Card/CardHandTest.php" line="72" assertions="2" time="0.001156"/>
        <testcase name="testGetStringHand" class="App\Card\CardHandTest" classname="App.Card.CardHandTest" file="/home/kenny/dbwebb-kurser/mvc/me/report/tests/Card/CardHandTest.php" line="84" assertions="2" time="0.000334"/>
        <testcase name="testAces" class="App\Card\CardHandTest" classname="App.Card.CardHandTest" file="/home/kenny/dbwebb-kurser/mvc/me/report/tests/Card/CardHandTest.php" line="96" assertions="2" time="0.000332"/>
      </testsuite>
      <testsuite name="App\Card\CardTest" file="/home/kenny/dbwebb-kurser/mvc/me/report/tests/Card/CardTest.php" tests="5" assertions="7" errors="0" warnings="0" failures="0" skipped="0" time="0.001334">
        <testcase name="testCreateCard" class="App\Card\CardTest" classname="App.Card.CardTest" file="/home/kenny/dbwebb-kurser/mvc/me/report/tests/Card/CardTest.php" line="16" assertions="3" time="0.000439"/>
        <testcase name="testGetSuit" class="App\Card\CardTest" classname="App.Card.CardTest" file="/home/kenny/dbwebb-kurser/mvc/me/report/tests/Card/CardTest.php" line="33" assertions="1" time="0.000242"/>
        <testcase name="testGetRank" class="App\Card\CardTest" classname="App.Card.CardTest" file="/home/kenny/dbwebb-kurser/mvc/me/report/tests/Card/CardTest.php" line="46" assertions="1" time="0.000214"/>
        <testcase name="testGetValue" class="App\Card\CardTest" classname="App.Card.CardTest" file="/home/kenny/dbwebb-kurser/mvc/me/report/tests/Card/CardTest.php" line="59" assertions="1" time="0.000218"/>
        <testcase name="testGetAsString" class="App\Card\CardTest" classname="App.Card.CardTest" file="/home/kenny/dbwebb-kurser/mvc/me/report/tests/Card/CardTest.php" line="73" assertions="1" time="0.000221"/>
      </testsuite>
      <testsuite name="App\Card\DeckOfCardsTest" file="/home/kenny/dbwebb-kurser/mvc/me/report/tests/Card/DeckOfCardsTest.php" tests="7" assertions="116" errors="0" warnings="0" failures="0" skipped="0" time="0.016799">
        <testcase name="testSetupDeck" class="App\Card\DeckOfCardsTest" classname="App.Card.DeckOfCardsTest" file="/home/kenny/dbwebb-kurser/mvc/me/report/tests/Card/DeckOfCardsTest.php" line="12" assertions="53" time="0.001661"/>
        <testcase name="testSetValue" class="App\Card\DeckOfCardsTest" classname="App.Card.DeckOfCardsTest" file="/home/kenny/dbwebb-kurser/mvc/me/report/tests/Card/DeckOfCardsTest.php" line="30" assertions="52" time="0.000759"/>
        <testcase name="testSetValueZeroValidation" class="App\Card\DeckOfCardsTest" classname="App.Card.DeckOfCardsTest" file="/home/kenny/dbwebb-kurser/mvc/me/report/tests/Card/DeckOfCardsTest.php" line="71" assertions="1" time="0.000436"/>
        <testcase name="testDrawCard" class="App\Card\DeckOfCardsTest" classname="App.Card.DeckOfCardsTest" file="/home/kenny/dbwebb-kurser/mvc/me/report/tests/Card/DeckOfCardsTest.php" line="84" assertions="5" time="0.000459"/>
        <testcase name="testShuffleMethod" class="App\Card\DeckOfCardsTest" classname="App.Card.DeckOfCardsTest" file="/home/kenny/dbwebb-kurser/mvc/me/report/tests/Card/DeckOfCardsTest.php" line="102" assertions="1" time="0.012405"/>
        <testcase name="testCountCardsInDeck" class="App\Card\DeckOfCardsTest" classname="App.Card.DeckOfCardsTest" file="/home/kenny/dbwebb-kurser/mvc/me/report/tests/Card/DeckOfCardsTest.php" line="116" assertions="1" time="0.000466"/>
        <testcase name="testGetString" class="App\Card\DeckOfCardsTest" classname="App.Card.DeckOfCardsTest" file="/home/kenny/dbwebb-kurser/mvc/me/report/tests/Card/DeckOfCardsTest.php" line="128" assertions="3" time="0.000612"/>
      </testsuite>
      <testsuite name="App\Card\Game21Test" file="/home/kenny/dbwebb-kurser/mvc/me/report/tests/Card/Game21Test.php" tests="9" assertions="15" errors="0" warnings="0" failures="0" skipped="0" time="0.008269">
        <testcase name="test__constructor" class="App\Card\Game21Test" classname="App.Card.Game21Test" file="/home/kenny/dbwebb-kurser/mvc/me/report/tests/Card/Game21Test.php" line="12" assertions="3" time="0.002266"/>
        <testcase name="testStart21" class="App\Card\Game21Test" classname="App.Card.Game21Test" file="/home/kenny/dbwebb-kurser/mvc/me/report/tests/Card/Game21Test.php" line="28" assertions="2" time="0.000915"/>
        <testcase name="testBankDraw" class="App\Card\Game21Test" classname="App.Card.Game21Test" file="/home/kenny/dbwebb-kurser/mvc/me/report/tests/Card/Game21Test.php" line="46" assertions="3" time="0.001282"/>
        <testcase name="testCheckAceValue" class="App\Card\Game21Test" classname="App.Card.Game21Test" file="/home/kenny/dbwebb-kurser/mvc/me/report/tests/Card/Game21Test.php" line="64" assertions="2" time="0.000851"/>
        <testcase name="testComparePointsPlayerBust" class="App\Card\Game21Test" classname="App.Card.Game21Test" file="/home/kenny/dbwebb-kurser/mvc/me/report/tests/Card/Game21Test.php" line="88" assertions="1" time="0.000618"/>
        <testcase name="testComparePointsBankBust" class="App\Card\Game21Test" classname="App.Card.Game21Test" file="/home/kenny/dbwebb-kurser/mvc/me/report/tests/Card/Game21Test.php" line="106" assertions="1" time="0.000574"/>
        <testcase name="testComparePointsBankWinsByPoints" class="App\Card\Game21Test" classname="App.Card.Game21Test" file="/home/kenny/dbwebb-kurser/mvc/me/report/tests/Card/Game21Test.php" line="124" assertions="1" time="0.000564"/>
        <testcase name="testComparePointsPlayerWinsByPoints" class="App\Card\Game21Test" classname="App.Card.Game21Test" file="/home/kenny/dbwebb-kurser/mvc/me/report/tests/Card/Game21Test.php" line="142" assertions="1" time="0.000659"/>
        <testcase name="testComparePointsTie" class="App\Card\Game21Test" classname="App.Card.Game21Test" file="/home/kenny/dbwebb-kurser/mvc/me/report/tests/Card/Game21Test.php" line="160" assertions="1" time="0.000541"/>
      </testsuite>
      <testsuite name="App\Tests\Controller\MetricsControllerTest" file="/home/kenny/dbwebb-kurser/mvc/me/report/tests/Controller/MetricsControllerTest.php" tests="1" assertions="3" errors="0" warnings="0" failures="0" skipped="0" time="0.163392">
        <testcase name="testMetrics" class="App\Tests\Controller\MetricsControllerTest" classname="App.Tests.Controller.MetricsControllerTest" file="/home/kenny/dbwebb-kurser/mvc/me/report/tests/Controller/MetricsControllerTest.php" line="10" assertions="3" time="0.163392"/>
      </testsuite>
      <testsuite name="App\Dice\DiceHandTest" file="/home/kenny/dbwebb-kurser/mvc/me/report/tests/Dice/DiceHandTest.php" tests="1" assertions="1" errors="0" warnings="0" failures="0" skipped="0" time="0.001241">
        <testcase name="testAddStubbedDices" class="App\Dice\DiceHandTest" classname="App.Dice.DiceHandTest" file="/home/kenny/dbwebb-kurser/mvc/me/report/tests/Dice/DiceHandTest.php" line="15" assertions="1" time="0.001241"/>
      </testsuite>
      <testsuite name="App\Dice\DiceTest" file="/home/kenny/dbwebb-kurser/mvc/me/report/tests/Dice/DiceTest.php" tests="2" assertions="3" errors="0" warnings="0" failures="0" skipped="0" time="0.001106">
        <testcase name="testCreateDice" class="App\Dice\DiceTest" classname="App.Dice.DiceTest" file="/home/kenny/dbwebb-kurser/mvc/me/report/tests/Dice/DiceTest.php" line="16" assertions="2" time="0.000643"/>
        <testcase name="testStubRollDiceLastRoll" class="App\Dice\DiceTest" classname="App.Dice.DiceTest" file="/home/kenny/dbwebb-kurser/mvc/me/report/tests/Dice/DiceTest.php" line="28" assertions="1" time="0.000463"/>
      </testsuite>
    </testsuite>
  </testsuite>
</testsuites>
