<?xml version="1.0" encoding="UTF-8"?>
<testsuites>
  <testsuite name="" tests="32" assertions="160" errors="0" warnings="0" failures="0" skipped="0" time="0.044988">
    <testsuite name="Project Test Suite" tests="32" assertions="160" errors="0" warnings="0" failures="0" skipped="0" time="0.044988">
      <testsuite name="App\Card\CardGraphicTest" file="/home/kenny/dbwebb-kurser/mvc/me/report/tests/Card/CardGraphicTest.php" tests="2" assertions="4" errors="0" warnings="0" failures="0" skipped="0" time="0.005462">
        <testcase name="testCreateGraphicCard" class="App\Card\CardGraphicTest" classname="App.Card.CardGraphicTest" file="/home/kenny/dbwebb-kurser/mvc/me/report/tests/Card/CardGraphicTest.php" line="16" assertions="3" time="0.005229"/>
        <testcase name="testGraphicCardAsString" class="App\Card\CardGraphicTest" classname="App.Card.CardGraphicTest" file="/home/kenny/dbwebb-kurser/mvc/me/report/tests/Card/CardGraphicTest.php" line="33" assertions="1" time="0.000233"/>
      </testsuite>
      <testsuite name="App\Card\CardHandTest" file="/home/kenny/dbwebb-kurser/mvc/me/report/tests/Card/CardHandTest.php" tests="6" assertions="14" errors="0" warnings="0" failures="0" skipped="0" time="0.010507">
        <testcase name="testCreateCardHand" class="App\Card\CardHandTest" classname="App.Card.CardHandTest" file="/home/kenny/dbwebb-kurser/mvc/me/report/tests/Card/CardHandTest.php" line="12" assertions="4" time="0.008608"/>
        <testcase name="testAddCardHandThruArray" class="App\Card\CardHandTest" classname="App.Card.CardHandTest" file="/home/kenny/dbwebb-kurser/mvc/me/report/tests/Card/CardHandTest.php" line="39" assertions="3" time="0.000289"/>
        <testcase name="testHandValue" class="App\Card\CardHandTest" classname="App.Card.CardHandTest" file="/home/kenny/dbwebb-kurser/mvc/me/report/tests/Card/CardHandTest.php" line="61" assertions="1" time="0.000239"/>
        <testcase name="testGetNumCards" class="App\Card\CardHandTest" classname="App.Card.CardHandTest" file="/home/kenny/dbwebb-kurser/mvc/me/report/tests/Card/CardHandTest.php" line="72" assertions="2" time="0.000858"/>
        <testcase name="testGetStringHand" class="App\Card\CardHandTest" classname="App.Card.CardHandTest" file="/home/kenny/dbwebb-kurser/mvc/me/report/tests/Card/CardHandTest.php" line="84" assertions="2" time="0.000254"/>
        <testcase name="testAces" class="App\Card\CardHandTest" classname="App.Card.CardHandTest" file="/home/kenny/dbwebb-kurser/mvc/me/report/tests/Card/CardHandTest.php" line="96" assertions="2" time="0.000258"/>
      </testsuite>
      <testsuite name="App\Card\CardTest" file="/home/kenny/dbwebb-kurser/mvc/me/report/tests/Card/CardTest.php" tests="5" assertions="7" errors="0" warnings="0" failures="0" skipped="0" time="0.001307">
        <testcase name="testCreateCard" class="App\Card\CardTest" classname="App.Card.CardTest" file="/home/kenny/dbwebb-kurser/mvc/me/report/tests/Card/CardTest.php" line="16" assertions="3" time="0.000414"/>
        <testcase name="testGetSuit" class="App\Card\CardTest" classname="App.Card.CardTest" file="/home/kenny/dbwebb-kurser/mvc/me/report/tests/Card/CardTest.php" line="33" assertions="1" time="0.000229"/>
        <testcase name="testGetRank" class="App\Card\CardTest" classname="App.Card.CardTest" file="/home/kenny/dbwebb-kurser/mvc/me/report/tests/Card/CardTest.php" line="46" assertions="1" time="0.000214"/>
        <testcase name="testGetValue" class="App\Card\CardTest" classname="App.Card.CardTest" file="/home/kenny/dbwebb-kurser/mvc/me/report/tests/Card/CardTest.php" line="59" assertions="1" time="0.000228"/>
        <testcase name="testGetAsString" class="App\Card\CardTest" classname="App.Card.CardTest" file="/home/kenny/dbwebb-kurser/mvc/me/report/tests/Card/CardTest.php" line="73" assertions="1" time="0.000221"/>
      </testsuite>
      <testsuite name="App\Card\DeckOfCardsTest" file="/home/kenny/dbwebb-kurser/mvc/me/report/tests/Card/DeckOfCardsTest.php" tests="7" assertions="116" errors="0" warnings="0" failures="0" skipped="0" time="0.017818">
        <testcase name="testSetupDeck" class="App\Card\DeckOfCardsTest" classname="App.Card.DeckOfCardsTest" file="/home/kenny/dbwebb-kurser/mvc/me/report/tests/Card/DeckOfCardsTest.php" line="12" assertions="53" time="0.001633"/>
        <testcase name="testSetValue" class="App\Card\DeckOfCardsTest" classname="App.Card.DeckOfCardsTest" file="/home/kenny/dbwebb-kurser/mvc/me/report/tests/Card/DeckOfCardsTest.php" line="30" assertions="52" time="0.000722"/>
        <testcase name="testSetValueZeroValidation" class="App\Card\DeckOfCardsTest" classname="App.Card.DeckOfCardsTest" file="/home/kenny/dbwebb-kurser/mvc/me/report/tests/Card/DeckOfCardsTest.php" line="71" assertions="1" time="0.000398"/>
        <testcase name="testDrawCard" class="App\Card\DeckOfCardsTest" classname="App.Card.DeckOfCardsTest" file="/home/kenny/dbwebb-kurser/mvc/me/report/tests/Card/DeckOfCardsTest.php" line="84" assertions="5" time="0.000447"/>
        <testcase name="testShuffleMethod" class="App\Card\DeckOfCardsTest" classname="App.Card.DeckOfCardsTest" file="/home/kenny/dbwebb-kurser/mvc/me/report/tests/Card/DeckOfCardsTest.php" line="102" assertions="1" time="0.013565"/>
        <testcase name="testCountCardsInDeck" class="App\Card\DeckOfCardsTest" classname="App.Card.DeckOfCardsTest" file="/home/kenny/dbwebb-kurser/mvc/me/report/tests/Card/DeckOfCardsTest.php" line="116" assertions="1" time="0.000442"/>
        <testcase name="testGetString" class="App\Card\DeckOfCardsTest" classname="App.Card.DeckOfCardsTest" file="/home/kenny/dbwebb-kurser/mvc/me/report/tests/Card/DeckOfCardsTest.php" line="128" assertions="3" time="0.000612"/>
      </testsuite>
      <testsuite name="App\Card\Game21Test" file="/home/kenny/dbwebb-kurser/mvc/me/report/tests/Card/Game21Test.php" tests="9" assertions="15" errors="0" warnings="0" failures="0" skipped="0" time="0.007620">
        <testcase name="test__constructor" class="App\Card\Game21Test" classname="App.Card.Game21Test" file="/home/kenny/dbwebb-kurser/mvc/me/report/tests/Card/Game21Test.php" line="12" assertions="3" time="0.002035"/>
        <testcase name="testStart21" class="App\Card\Game21Test" classname="App.Card.Game21Test" file="/home/kenny/dbwebb-kurser/mvc/me/report/tests/Card/Game21Test.php" line="28" assertions="2" time="0.000913"/>
        <testcase name="testBankDraw" class="App\Card\Game21Test" classname="App.Card.Game21Test" file="/home/kenny/dbwebb-kurser/mvc/me/report/tests/Card/Game21Test.php" line="46" assertions="3" time="0.001272"/>
        <testcase name="testCheckAceValue" class="App\Card\Game21Test" classname="App.Card.Game21Test" file="/home/kenny/dbwebb-kurser/mvc/me/report/tests/Card/Game21Test.php" line="64" assertions="2" time="0.000761"/>
        <testcase name="testComparePointsPlayerBust" class="App\Card\Game21Test" classname="App.Card.Game21Test" file="/home/kenny/dbwebb-kurser/mvc/me/report/tests/Card/Game21Test.php" line="88" assertions="1" time="0.000534"/>
        <testcase name="testComparePointsBankBust" class="App\Card\Game21Test" classname="App.Card.Game21Test" file="/home/kenny/dbwebb-kurser/mvc/me/report/tests/Card/Game21Test.php" line="106" assertions="1" time="0.000519"/>
        <testcase name="testComparePointsBankWinsByPoints" class="App\Card\Game21Test" classname="App.Card.Game21Test" file="/home/kenny/dbwebb-kurser/mvc/me/report/tests/Card/Game21Test.php" line="124" assertions="1" time="0.000550"/>
        <testcase name="testComparePointsPlayerWinsByPoints" class="App\Card\Game21Test" classname="App.Card.Game21Test" file="/home/kenny/dbwebb-kurser/mvc/me/report/tests/Card/Game21Test.php" line="142" assertions="1" time="0.000524"/>
        <testcase name="testComparePointsTie" class="App\Card\Game21Test" classname="App.Card.Game21Test" file="/home/kenny/dbwebb-kurser/mvc/me/report/tests/Card/Game21Test.php" line="160" assertions="1" time="0.000512"/>
      </testsuite>
      <testsuite name="App\Dice\DiceHandTest" file="/home/kenny/dbwebb-kurser/mvc/me/report/tests/Dice/DiceHandTest.php" tests="1" assertions="1" errors="0" warnings="0" failures="0" skipped="0" time="0.001271">
        <testcase name="testAddStubbedDices" class="App\Dice\DiceHandTest" classname="App.Dice.DiceHandTest" file="/home/kenny/dbwebb-kurser/mvc/me/report/tests/Dice/DiceHandTest.php" line="15" assertions="1" time="0.001271"/>
      </testsuite>
      <testsuite name="App\Dice\DiceTest" file="/home/kenny/dbwebb-kurser/mvc/me/report/tests/Dice/DiceTest.php" tests="2" assertions="3" errors="0" warnings="0" failures="0" skipped="0" time="0.001003">
        <testcase name="testCreateDice" class="App\Dice\DiceTest" classname="App.Dice.DiceTest" file="/home/kenny/dbwebb-kurser/mvc/me/report/tests/Dice/DiceTest.php" line="16" assertions="2" time="0.000590"/>
        <testcase name="testStubRollDiceLastRoll" class="App\Dice\DiceTest" classname="App.Dice.DiceTest" file="/home/kenny/dbwebb-kurser/mvc/me/report/tests/Dice/DiceTest.php" line="28" assertions="1" time="0.000413"/>
      </testsuite>
    </testsuite>
  </testsuite>
</testsuites>
